name: typechecks
run_id: commands[0]
env APPDATA: C:\Users\Aashi\AppData\Roaming
env COLUMNS: 127
env COMSPEC: C:\WINDOWS\system32\cmd.exe
env LANG: en_US.UTF-8
env LINES: 10
env NUMBER_OF_PROCESSORS: 8
env PATH: D:\Personal Documents\Learning\Udemy\house-prices-advanced-regression-techniques\.tox\test_package\Scripts;C:\Users\Aashi\.conda\envs\deployment_ml;C:\Users\Aashi\.conda\envs\deployment_ml\Library\mingw-w64\bin;C:\Users\Aashi\.conda\envs\deployment_ml\Library\usr\bin;C:\Users\Aashi\.conda\envs\deployment_ml\Library\bin;C:\Users\Aashi\.conda\envs\deployment_ml\Scripts;C:\Users\Aashi\.conda\envs\deployment_ml\bin;C:\ProgramData\anaconda3\condabin;C:\Program Files\WindowsApps\Microsoft.PowerShell_7.5.1.0_x64__8wekyb3d8bbwe;C:\Program Files (x86)\Common Files\Oracle\Java\java8path;C:\Program Files (x86)\Common Files\Oracle\Java\javapath;C:\Users\Aashi\AppData\Local\Programs\Python\Python310;C:\Program Files\Python39\Scripts;C:\Program Files\Python39;C:\WINDOWS\system32;C:\WINDOWS;C:\WINDOWS\System32\Wbem;C:\WINDOWS\System32\WindowsPowerShell\v1.0;C:\WINDOWS\System32\OpenSSH;C:\Program Files\PuTTY;C:\Program Files (x86)\Microsoft SQL Server\150\DTS\Binn;C:\Program Files\Azure Data Studio\bin;C:\Program Files\Git\cmd;C:\Users\Aashi\AppData\Roaming\Python\Python39\Scripts;C:\Program Files\Docker\Docker\resources\bin;C:\ProgramData\anaconda3;C:\ProgramData\anaconda3\Library\mingw-w64\bin;C:\ProgramData\anaconda3\Library\usr\bin;C:\ProgramData\anaconda3\Library\bin;C:\ProgramData\anaconda3\Scripts;.;C:\ProgramData\chocolatey\bin;C:\Users\Aashi\AppData\Local\Programs\Python\Python310\Scripts;C:\Users\Aashi\AppData\Local\Microsoft\WindowsApps;C:\Users\Aashi\AppData\Local\Programs\Microsoft VS Code\bin;C:\Program Files\WindowsApps\Microsoft.PowerShell_7.5.2.0_x64__8wekyb3d8bbwe;C:\Program Files\Python39\Scripts\;C:\Program Files\Python39\;C:\WINDOWS\System32\WindowsPowerShell\v1.0\;C:\WINDOWS\System32\OpenSSH\;C:\Program Files\PuTTY\;C:\Program Files (x86)\Microsoft SQL Server\150\DTS\Binn\;;C:\Users\Aashi\AppData\Local\Programs\Python\Python310\Scripts\;C:\Users\Aashi\AppData\Local\Programs\Python\Python310\
env PATHEXT: .COM;.EXE;.BAT;.CMD;.VBS;.VBE;.JS;.JSE;.WSF;.WSH;.MSC;.PY;.PYW;.CPL
env PIP_DISABLE_PIP_VERSION_CHECK: 1
env PROCESSOR_ARCHITECTURE: AMD64
env PROGRAMDATA: C:\ProgramData
env PROGRAMFILES: C:\Program Files
env PROGRAMFILES(X86): C:\Program Files (x86)
env PYTHONHASHSEED: 33
env PYTHONIOENCODING: utf-8
env SSL_CERT_FILE: C:\Users\Aashi\.conda\envs\deployment_ml\Library\ssl\cacert.pem
env SYSTEMDRIVE: C:
env SYSTEMROOT: C:\WINDOWS
env TEMP: C:\Users\Aashi\AppData\Local\Temp
env TMP: C:\Users\Aashi\AppData\Local\Temp
env TOX_ENV_DIR: D:\Personal Documents\Learning\Udemy\house-prices-advanced-regression-techniques\.tox\test_package
env TOX_ENV_NAME: typechecks
env TOX_WORK_DIR: D:\Personal Documents\Learning\Udemy\house-prices-advanced-regression-techniques\.tox
env USERPROFILE: C:\Users\Aashi
env VIRTUAL_ENV: D:\Personal Documents\Learning\Udemy\house-prices-advanced-regression-techniques\.tox\test_package
env WINDIR: C:\WINDOWS
metadata pid: 1848
cwd: D:\Personal Documents\Learning\Udemy\house-prices-advanced-regression-techniques
allow: D:\Personal Documents\Learning\Udemy\house-prices-advanced-regression-techniques\.tox\test_package\Scripts\*
cmd: mypy regression_model
exit_code: 1
regression_model\processing\features.py: note: In member "__init__" of class "FrequentMapper":
regression_model\processing\features.py:45: error: Need type annotation for "variables_map" (hint: "variables_map: dict[<type>, <type>] = ...")  [var-annotated]
regression_model\processing\features.py: note: In member "__init__" of class "RareLabelEncoder":
regression_model\processing\features.py:178: error: Need type annotation for "rare_variables_map" (hint: "rare_variables_map: dict[<type>, <type>] = ...")  [var-annotated]
regression_model\processing\features.py: note: In member "__init__" of class "LabelEncoderDef":
regression_model\processing\features.py:211: error: Need type annotation for "variables_map" (hint: "variables_map: dict[<type>, <type>] = ...")  [var-annotated]
regression_model\processing\features.py: note: In member "__init__" of class "PresentNa":
regression_model\processing\features.py:235: error: Need type annotation for "variables_na" (hint: "variables_na: list[<type>] = ...")  [var-annotated]
regression_model\pipeline.py:22: error: Argument 1 to "FrequentMapper" has incompatible type "Sequence[str]"; expected "list[str]"  [arg-type]
regression_model\pipeline.py:32: error: Argument 1 to "LogMapper" has incompatible type "Sequence[str]"; expected "list[str]"  [arg-type]
regression_model\pipeline.py:71: error: Argument 1 to "RareLabelEncoder" has incompatible type "Sequence[str]"; expected "list[str]"  [arg-type]
regression_model\pipeline.py:75: error: Argument 1 to "LabelEncoderDef" has incompatible type "Sequence[str]"; expected "list[str]"  [arg-type]
Found 8 errors in 2 files (checked 11 source files)
